

Version:	3.14
CmdLine:	C:\3DES\target\3DES.exe --l4j-debug
WOW64:		yes
Working dir:	C:\3DES\target\.
Java min ver:	1.008.000
Java max ver:	1.013.000
64-bit search:	SOFTWARE\JavaSoft\Java Runtime Environment...
Check:		SOFTWARE\JavaSoft\Java Runtime Environment\1.8
Check launcher:	C:\Program Files\Java\jre1.8.0_131\bin\javaw.exe (OK)
Match:		1.008.000
Check:		SOFTWARE\JavaSoft\Java Runtime Environment\1.8.0_131
Check launcher:	C:\Program Files\Java\jre1.8.0_131\bin\javaw.exe (OK)
Match:		1.008.000_131
64-bit search:	SOFTWARE\JavaSoft\Java Development Kit...
Check:		SOFTWARE\JavaSoft\Java Development Kit\1.8
Ignore:		1.008.000
Check:		SOFTWARE\JavaSoft\Java Development Kit\1.8.0_131
Ignore:		1.008.000_131
64-bit search:	SOFTWARE\JavaSoft\JRE...
64-bit search:	SOFTWARE\JavaSoft\JDK...
Check:		SOFTWARE\JavaSoft\JDK\13.0.2
Ignore:		1.013.000_002
Runtime used:	1.008.000_131 (64-bit)
Launcher:	C:\Program Files\Java\jre1.8.0_131\bin\javaw.exe
Launcher args:	-jar "C:\3DES\target\3DES.exe"
Args length:	30/32768 chars
Exit code:	0


Version:	3.14
CmdLine:	C:\3DES\target\3DES.exe --l4j-debug
WOW64:		yes
Working dir:	C:\3DES\target\.
Java min ver:	1.008.000
Java max ver:	1.013.000
64-bit search:	SOFTWARE\JavaSoft\Java Runtime Environment...
Check:		SOFTWARE\JavaSoft\Java Runtime Environment\1.8
Check launcher:	C:\Program Files\Java\jre1.8.0_131\bin\javaw.exe (OK)
Match:		1.008.000
Check:		SOFTWARE\JavaSoft\Java Runtime Environment\1.8.0_131
Check launcher:	C:\Program Files\Java\jre1.8.0_131\bin\javaw.exe (OK)
Match:		1.008.000_131
64-bit search:	SOFTWARE\JavaSoft\Java Development Kit...
Check:		SOFTWARE\JavaSoft\Java Development Kit\1.8
Ignore:		1.008.000
Check:		SOFTWARE\JavaSoft\Java Development Kit\1.8.0_131
Ignore:		1.008.000_131
64-bit search:	SOFTWARE\JavaSoft\JRE...
64-bit search:	SOFTWARE\JavaSoft\JDK...
Check:		SOFTWARE\JavaSoft\JDK\13.0.2
Ignore:		1.013.000_002
Runtime used:	1.008.000_131 (64-bit)
Launcher:	C:\Program Files\Java\jre1.8.0_131\bin\javaw.exe
Launcher args:	-jar "C:\3DES\target\3DES.exe"
Args length:	30/32768 chars
Exit code:	0


Version:	3.14
CmdLine:	C:\3DES\target\3DES.exe --l4j-debug
WOW64:		yes
Working dir:	C:\3DES\target\.
Java min ver:	1.008.000
Java max ver:	1.013.000
64-bit search:	SOFTWARE\JavaSoft\Java Runtime Environment...
Check:		SOFTWARE\JavaSoft\Java Runtime Environment\1.8
Check launcher:	C:\Program Files\Java\jre1.8.0_131\bin\javaw.exe (OK)
Match:		1.008.000
Check:		SOFTWARE\JavaSoft\Java Runtime Environment\1.8.0_131
Check launcher:	C:\Program Files\Java\jre1.8.0_131\bin\javaw.exe (OK)
Match:		1.008.000_131
64-bit search:	SOFTWARE\JavaSoft\Java Development Kit...
Check:		SOFTWARE\JavaSoft\Java Development Kit\1.8
Ignore:		1.008.000
Check:		SOFTWARE\JavaSoft\Java Development Kit\1.8.0_131
Ignore:		1.008.000_131
64-bit search:	SOFTWARE\JavaSoft\JRE...
64-bit search:	SOFTWARE\JavaSoft\JDK...
Check:		SOFTWARE\JavaSoft\JDK\13.0.2
Ignore:		1.013.000_002
Runtime used:	1.008.000_131 (64-bit)
Launcher:	C:\Program Files\Java\jre1.8.0_131\bin\javaw.exe
Launcher args:	-jar "C:\3DES\target\3DES.exe"
Args length:	30/32768 chars
Exit code:	0


Version:	3.14
CmdLine:	C:\3DES\target\3DES.exe --l4j-debug
WOW64:		yes
Working dir:	C:\3DES\target\.
Java min ver:	1.008.000
Java max ver:	1.013.000
64-bit search:	SOFTWARE\JavaSoft\Java Runtime Environment...
Check:		SOFTWARE\JavaSoft\Java Runtime Environment\1.8
Check launcher:	C:\Program Files\Java\jre1.8.0_131\bin\javaw.exe (OK)
Match:		1.008.000
Check:		SOFTWARE\JavaSoft\Java Runtime Environment\1.8.0_131
Check launcher:	C:\Program Files\Java\jre1.8.0_131\bin\javaw.exe (OK)
Match:		1.008.000_131
64-bit search:	SOFTWARE\JavaSoft\Java Development Kit...
Check:		SOFTWARE\JavaSoft\Java Development Kit\1.8
Ignore:		1.008.000
Check:		SOFTWARE\JavaSoft\Java Development Kit\1.8.0_131
Ignore:		1.008.000_131
64-bit search:	SOFTWARE\JavaSoft\JRE...
64-bit search:	SOFTWARE\JavaSoft\JDK...
Check:		SOFTWARE\JavaSoft\JDK\13.0.2
Ignore:		1.013.000_002
Runtime used:	1.008.000_131 (64-bit)
Launcher:	C:\Program Files\Java\jre1.8.0_131\bin\javaw.exe
Launcher args:	-jar "C:\3DES\target\3DES.exe"
Args length:	30/32768 chars
Exit code:	0


Version:	3.14
CmdLine:	C:\3DES\target\3DES.exe --l4j-debug
WOW64:		yes
Working dir:	C:\3DES\target\.
Java min ver:	1.008.000
Java max ver:	1.013.000
64-bit search:	SOFTWARE\JavaSoft\Java Runtime Environment...
Check:		SOFTWARE\JavaSoft\Java Runtime Environment\1.8
Check launcher:	C:\Program Files\Java\jre1.8.0_131\bin\javaw.exe (OK)
Match:		1.008.000
Check:		SOFTWARE\JavaSoft\Java Runtime Environment\1.8.0_131
Check launcher:	C:\Program Files\Java\jre1.8.0_131\bin\javaw.exe (OK)
Match:		1.008.000_131
64-bit search:	SOFTWARE\JavaSoft\Java Development Kit...
Check:		SOFTWARE\JavaSoft\Java Development Kit\1.8
Ignore:		1.008.000
Check:		SOFTWARE\JavaSoft\Java Development Kit\1.8.0_131
Ignore:		1.008.000_131
64-bit search:	SOFTWARE\JavaSoft\JRE...
64-bit search:	SOFTWARE\JavaSoft\JDK...
Check:		SOFTWARE\JavaSoft\JDK\13.0.2
Ignore:		1.013.000_002
Runtime used:	1.008.000_131 (64-bit)
Launcher:	C:\Program Files\Java\jre1.8.0_131\bin\javaw.exe
Launcher args:	-jar "C:\3DES\target\3DES.exe"
Args length:	30/32768 chars
Exit code:	0
